CRITICAL - 2025-04-22 20:24:15 --> CodeIgniter\View\Exceptions\ViewException: Invalid file: "principal.php"
[Method: GET, Route: /]
in SYSTEMPATH\Exceptions\FrameworkException.php on line 39.
 1 SYSTEMPATH\View\View.php(212): CodeIgniter\Exceptions\FrameworkException::forInvalidFile('principal.php')
 2 SYSTEMPATH\Common.php(1173): CodeIgniter\View\View->render('principal.php', [], true)
 3 APPPATH\Controllers\Home.php(9): view('principal.php')
 4 SYSTEMPATH\CodeIgniter.php(933): App\Controllers\Home->index()
 5 SYSTEMPATH\CodeIgniter.php(507): CodeIgniter\CodeIgniter->runController(Object(App\Controllers\Home))
 6 SYSTEMPATH\CodeIgniter.php(354): CodeIgniter\CodeIgniter->handleRequest(null, Object(Config\Cache), false)
 7 SYSTEMPATH\Boot.php(334): CodeIgniter\CodeIgniter->run()
 8 SYSTEMPATH\Boot.php(67): CodeIgniter\Boot::runCodeIgniter(Object(CodeIgniter\CodeIgniter))
 9 FCPATH\index.php(56): CodeIgniter\Boot::bootWeb(Object(Config\Paths))
CRITICAL - 2025-04-22 21:27:01 --> ErrorException: include(includes/navbar.php): Failed to open stream: No such file or directory
[Method: GET, Route: /]
in APPPATH\Views\quienes-somos.php on line 226.
 1 APPPATH\Views\quienes-somos.php(226): CodeIgniter\Debug\Exceptions->errorHandler(2, 'include(includes/navbar.php): Failed to open stream: No such file or directory', 'C:\\xampp\\htdocs\\Proyecto-Landriel-Rodriguez\\app\\Views\\quienes-somos.php', 226)
 2 APPPATH\Views\quienes-somos.php(226): include()
 3 SYSTEMPATH\View\View.php(224): include('C:\\xampp\\htdocs\\Proyecto-Landriel-Rodriguez\\app\\Views\\quienes-somos.php')
 4 SYSTEMPATH\View\View.php(227): CodeIgniter\View\View->CodeIgniter\View\{closure}()
 5 SYSTEMPATH\Common.php(1173): CodeIgniter\View\View->render('quienes-somos.php', [], true)
 6 APPPATH\Controllers\Home.php(9): view('quienes-somos.php')
 7 SYSTEMPATH\CodeIgniter.php(933): App\Controllers\Home->index()
 8 SYSTEMPATH\CodeIgniter.php(507): CodeIgniter\CodeIgniter->runController(Object(App\Controllers\Home))
 9 SYSTEMPATH\CodeIgniter.php(354): CodeIgniter\CodeIgniter->handleRequest(null, Object(Config\Cache), false)
10 SYSTEMPATH\Boot.php(334): CodeIgniter\CodeIgniter->run()
11 SYSTEMPATH\Boot.php(67): CodeIgniter\Boot::runCodeIgniter(Object(CodeIgniter\CodeIgniter))
12 FCPATH\index.php(56): CodeIgniter\Boot::bootWeb(Object(Config\Paths))
